USMCProFitMainActivity/build/outputs/logs/manifest-merger-debug-report.txt
-- Merging decision tree log ---
manifest
ADDED from AndroidManifest.xml:2:1
	package
		ADDED from AndroidManifest.xml:3:5
		INJECTED from AndroidManifest.xml:0:0
		INJECTED from AndroidManifest.xml:0:0
	android:versionName
		ADDED from AndroidManifest.xml:5:5
	android:versionCode
		ADDED from AndroidManifest.xml:4:5
		INJECTED from AndroidManifest.xml:0:0
		INJECTED from AndroidManifest.xml:0:0
	xmlns:android
		ADDED from AndroidManifest.xml:2:11
uses-sdk
ADDED from AndroidManifest.xml:7:5
MERGED from usmc-pro-fitness:holoEverywhere:unspecified:7:5
MERGED from com.actionbarsherlock:actionbarsherlock:4.4.0:3:3
MERGED from com.actionbarsherlock:actionbarsherlock:4.4.0:3:3
	android:targetSdkVersion
		ADDED from AndroidManifest.xml:9:9
		INJECTED from AndroidManifest.xml:0:0
		INJECTED from AndroidManifest.xml:0:0
	android:minSdkVersion
		ADDED from AndroidManifest.xml:8:9
		INJECTED from AndroidManifest.xml:0:0
		INJECTED from AndroidManifest.xml:0:0
uses-permission#android.permission.VIBRATE
ADDED from AndroidManifest.xml:11:5
	android:name
		ADDED from AndroidManifest.xml:11:22
application
ADDED from AndroidManifest.xml:13:5
MERGED from usmc-pro-fitness:holoEverywhere:unspecified:11:5
MERGED from com.actionbarsherlock:actionbarsherlock:4.4.0:4:3
MERGED from com.actionbarsherlock:actionbarsherlock:4.4.0:4:3
	android:label
		ADDED from AndroidManifest.xml:15:9
	android:allowBackup
		ADDED from AndroidManifest.xml:18:9
	android:icon
		ADDED from AndroidManifest.xml:14:9
	android:theme
		ADDED from AndroidManifest.xml:16:9
	android:name
		ADDED from AndroidManifest.xml:17:9
activity#com.patdugan.usmcprofitness.USMCProFitMainActivity
ADDED from AndroidManifest.xml:20:9
	android:label
		ADDED from AndroidManifest.xml:22:13
	android:logo
		ADDED from AndroidManifest.xml:23:13
	android:name
		ADDED from AndroidManifest.xml:21:13
intent-filter#android.intent.action.MAIN+android.intent.category.LAUNCHER
ADDED from AndroidManifest.xml:24:13
action#android.intent.action.MAIN
ADDED from AndroidManifest.xml:25:17
	android:name
		ADDED from AndroidManifest.xml:25:25
category#android.intent.category.LAUNCHER
ADDED from AndroidManifest.xml:26:17
	android:name
		ADDED from AndroidManifest.xml:26:27
activity#com.patdugan.usmcprofitness.AddTestScoreMainActivity
ADDED from AndroidManifest.xml:29:9
	android:label
		ADDED from AndroidManifest.xml:31:13
	android:logo
		ADDED from AndroidManifest.xml:32:13
	android:name
		ADDED from AndroidManifest.xml:30:13
activity#com.patdugan.usmcprofitness.AboutActivity
ADDED from AndroidManifest.xml:34:9
	android:label
		ADDED from AndroidManifest.xml:36:13
	android:logo
		ADDED from AndroidManifest.xml:37:13
	android:name
		ADDED from AndroidManifest.xml:35:13
activity#com.patdugan.usmcprofitness.AddTestScorePFTActivity
ADDED from AndroidManifest.xml:39:9
	android:label
		ADDED from AndroidManifest.xml:41:13
	android:logo
		ADDED from AndroidManifest.xml:42:13
	android:name
		ADDED from AndroidManifest.xml:40:13
activity#com.patdugan.usmcprofitness.CreateProfileActivity
ADDED from AndroidManifest.xml:44:4
	android:label
		ADDED from AndroidManifest.xml:46:13
	android:logo
		ADDED from AndroidManifest.xml:47:13
	android:name
		ADDED from AndroidManifest.xml:45:13
activity#com.patdugan.usmcprofitness.ViewTestScoresActivity
ADDED from AndroidManifest.xml:49:9
	android:label
		ADDED from AndroidManifest.xml:51:13
	android:logo
		ADDED from AndroidManifest.xml:52:13
	android:name
		ADDED from AndroidManifest.xml:50:13
activity#com.patdugan.usmcprofitness.ViewDetailedTestScoreActivity
ADDED from AndroidManifest.xml:54:9
	android:label
		ADDED from AndroidManifest.xml:56:13
	android:logo
		ADDED from AndroidManifest.xml:57:13
	android:name
		ADDED from AndroidManifest.xml:55:13